[2015-09-07 15:45:10] RC.INFO: Metadata Mapping done {"acknowledged":true} 
[2015-09-07 15:45:10] RC.INFO: Master mapping created {"acknowledged":true} 
[2015-09-07 15:45:11] RC.INFO: Metadata Index created {"_index":"nrgi1_2","_type":"metadata","_id":"833","_version":1,"created":true} 
[2015-09-07 15:45:40] RC.INFO: Pdf text updated in master index {"_index":"nrgi1_2","_type":"master","_id":"833","_version":2} 
[2015-09-07 15:45:59] RC.INFO: Metadata Index created {"_index":"nrgi1_2","_type":"metadata","_id":"9","_version":1,"created":true} 
[2015-09-07 15:46:16] RC.INFO: Metadata Index created {"_index":"nrgi1_2","_type":"metadata","_id":"1015","_version":1,"created":true} 
[2015-09-07 15:46:32] RC.INFO: Pdf text updated in master index {"_index":"nrgi1_2","_type":"master","_id":"1015","_version":2} 
[2015-09-07 15:47:32] RC.INFO: Metadata Index created {"_index":"nrgi1_2","_type":"metadata","_id":"977","_version":1,"created":true} 
[2015-09-07 15:47:47] RC.INFO: Pdf text updated in master index {"_index":"nrgi1_2","_type":"master","_id":"977","_version":2} 
[2015-09-07 15:47:52] RC.INFO: Annotaions updated in master {"_index":"nrgi1_2","_type":"master","_id":"977","_version":3} 
[2015-09-07 15:48:05] RC.INFO: Metadata Index created {"_index":"nrgi1_2","_type":"metadata","_id":"141","_version":1,"created":true} 
[2015-09-07 15:48:17] RC.INFO: Metadata Index created {"_index":"nrgi1_2","_type":"metadata","_id":"151","_version":1,"created":true} 
[2015-09-07 15:48:33] RC.INFO: Pdf text updated in master index {"_index":"nrgi1_2","_type":"master","_id":"151","_version":2} 
[2015-09-07 15:48:45] RC.INFO: Metadata Index created {"_index":"nrgi1_2","_type":"metadata","_id":"698","_version":1,"created":true} 
[2015-09-07 15:49:02] RC.INFO: Pdf text updated in master index {"_index":"nrgi1_2","_type":"master","_id":"698","_version":2} 
[2015-09-07 15:49:25] RC.INFO: Metadata Index created {"_index":"nrgi1_2","_type":"metadata","_id":"129","_version":1,"created":true} 
[2015-09-07 15:49:47] RC.INFO: Metadata Index created {"_index":"nrgi1_2","_type":"metadata","_id":"961","_version":1,"created":true} 
[2015-09-07 15:50:15] RC.INFO: Pdf text updated in master index {"_index":"nrgi1_2","_type":"master","_id":"961","_version":2} 
[2015-09-07 15:50:20] RC.INFO: Annotaions updated in master {"_index":"nrgi1_2","_type":"master","_id":"961","_version":3} 
[2015-09-07 15:50:33] RC.INFO: Metadata Index created {"_index":"nrgi1_2","_type":"metadata","_id":"700","_version":1,"created":true} 
[2015-09-07 15:51:09] RC.INFO: Pdf text updated in master index {"_index":"nrgi1_2","_type":"master","_id":"700","_version":2} 
[2015-09-07 15:51:28] RC.INFO: Metadata Index created {"_index":"nrgi1_2","_type":"metadata","_id":"152","_version":1,"created":true} 
[2015-09-07 15:51:50] RC.INFO: Pdf text updated in master index {"_index":"nrgi1_2","_type":"master","_id":"152","_version":2} 
[2015-09-07 15:51:59] RC.INFO: Metadata Index created {"_index":"nrgi1_2","_type":"metadata","_id":"816","_version":1,"created":true} 
[2015-09-07 15:52:12] RC.INFO: Pdf text updated in master index {"_index":"nrgi1_2","_type":"master","_id":"816","_version":2} 
[2015-09-07 15:52:26] RC.INFO: Metadata Index created {"_index":"nrgi1_2","_type":"metadata","_id":"172","_version":1,"created":true} 
[2015-09-07 15:52:37] RC.INFO: Pdf text updated in master index {"_index":"nrgi1_2","_type":"master","_id":"172","_version":2} 
[2015-09-07 15:52:56] RC.INFO: Metadata Index created {"_index":"nrgi1_2","_type":"metadata","_id":"134","_version":1,"created":true} 
[2015-09-07 15:53:40] RC.INFO: Pdf text updated in master index {"_index":"nrgi1_2","_type":"master","_id":"134","_version":2} 
[2015-09-07 15:53:49] RC.INFO: Metadata Index created {"_index":"nrgi1_2","_type":"metadata","_id":"819","_version":1,"created":true} 
[2015-09-07 15:54:04] RC.INFO: Pdf text updated in master index {"_index":"nrgi1_2","_type":"master","_id":"819","_version":2} 
[2015-09-07 15:54:17] RC.INFO: Metadata Index created {"_index":"nrgi1_2","_type":"metadata","_id":"150","_version":1,"created":true} 
[2015-09-07 15:54:40] RC.INFO: Pdf text updated in master index {"_index":"nrgi1_2","_type":"master","_id":"150","_version":2} 
[2015-09-07 15:54:50] RC.INFO: Metadata Index created {"_index":"nrgi1_2","_type":"metadata","_id":"168","_version":1,"created":true} 
[2015-09-07 15:55:08] RC.INFO: Pdf text updated in master index {"_index":"nrgi1_2","_type":"master","_id":"168","_version":2} 
[2015-09-07 15:55:19] RC.INFO: Metadata Index created {"_index":"nrgi1_2","_type":"metadata","_id":"127","_version":1,"created":true} 
[2015-09-07 15:55:29] RC.INFO: Metadata Index created {"_index":"nrgi1_2","_type":"metadata","_id":"980","_version":1,"created":true} 
[2015-09-07 15:55:44] RC.INFO: Pdf text updated in master index {"_index":"nrgi1_2","_type":"master","_id":"980","_version":2} 
[2015-09-07 15:55:50] RC.INFO: Annotaions updated in master {"_index":"nrgi1_2","_type":"master","_id":"980","_version":3} 
[2015-09-07 15:56:18] RC.INFO: Metadata Index created {"_index":"nrgi1_2","_type":"metadata","_id":"811","_version":1,"created":true} 
[2015-09-07 15:57:15] RC.INFO: Pdf text updated in master index {"_index":"nrgi1_2","_type":"master","_id":"811","_version":2} 
[2015-09-07 15:57:25] RC.INFO: Metadata Index created {"_index":"nrgi1_2","_type":"metadata","_id":"28","_version":1,"created":true} 
[2015-09-07 15:57:45] RC.INFO: Pdf text updated in master index {"_index":"nrgi1_2","_type":"master","_id":"28","_version":2} 
[2015-09-07 15:58:02] RC.INFO: Metadata Index created {"_index":"nrgi1_2","_type":"metadata","_id":"1003","_version":1,"created":true} 
[2015-09-07 15:58:31] RC.INFO: Pdf text updated in master index {"_index":"nrgi1_2","_type":"master","_id":"1003","_version":2} 
[2015-09-07 15:58:37] RC.INFO: Annotaions updated in master {"_index":"nrgi1_2","_type":"master","_id":"1003","_version":3} 
[2015-09-07 15:58:49] RC.INFO: Metadata Index created {"_index":"nrgi1_2","_type":"metadata","_id":"742","_version":1,"created":true} 
[2015-09-07 15:59:07] RC.INFO: Pdf text updated in master index {"_index":"nrgi1_2","_type":"master","_id":"742","_version":2} 
[2015-09-07 15:59:22] RC.INFO: Metadata Index created {"_index":"nrgi1_2","_type":"metadata","_id":"976","_version":1,"created":true} 
[2015-09-07 15:59:36] RC.INFO: Pdf text updated in master index {"_index":"nrgi1_2","_type":"master","_id":"976","_version":2} 
[2015-09-07 15:59:42] RC.INFO: Annotaions updated in master {"_index":"nrgi1_2","_type":"master","_id":"976","_version":3} 
[2015-09-07 16:00:11] RC.INFO: Metadata Index created {"_index":"nrgi1_2","_type":"metadata","_id":"802","_version":1,"created":true} 
[2015-09-07 16:00:22] RC.INFO: Pdf text updated in master index {"_index":"nrgi1_2","_type":"master","_id":"802","_version":2} 
[2015-09-07 16:00:35] RC.INFO: Metadata Index created {"_index":"nrgi1_2","_type":"metadata","_id":"768","_version":1,"created":true} 
[2015-09-07 16:00:58] RC.INFO: Pdf text updated in master index {"_index":"nrgi1_2","_type":"master","_id":"768","_version":2} 
[2015-09-07 16:01:32] RC.INFO: Metadata Index created {"_index":"nrgi1_2","_type":"metadata","_id":"796","_version":1,"created":true} 
[2015-09-07 16:01:48] RC.INFO: Pdf text updated in master index {"_index":"nrgi1_2","_type":"master","_id":"796","_version":2} 
[2015-09-07 16:02:23] RC.INFO: Metadata Index created {"_index":"nrgi1_2","_type":"metadata","_id":"824","_version":1,"created":true} 
[2015-09-07 16:02:48] RC.INFO: Pdf text updated in master index {"_index":"nrgi1_2","_type":"master","_id":"824","_version":2} 
[2015-09-07 16:03:05] RC.INFO: Metadata Index created {"_index":"nrgi1_2","_type":"metadata","_id":"1002","_version":1,"created":true} 
